<?xml version="1.0" encoding="UTF-8"?>
<!-- Generated by org.testng.reporters.JUnitReportReporter -->
<testsuite hostname="ULTP-254" name="pkg.ClassOne" tests="1" failures="1" timestamp="8 Sep 2015 10:05:27 GMT" time="0.000" errors="0">
  <testcase name="testmethodone" time="0.000" classname="pkg.ClassOne">
    <failure type="org.openqa.selenium.remote.UnreachableBrowserException" message="Error communicating with the remote browser. It may have died.
Build info: version: &#039;2.47.1&#039;, revision: &#039;411b314&#039;, time: &#039;2015-07-30 02:56:46&#039;
System info: host: &#039;ULTP-254&#039;, ip: &#039;127.0.1.1&#039;, os.name: &#039;Linux&#039;, os.arch: &#039;amd64&#039;, os.version: &#039;3.13.0-55-generic&#039;, java.version: &#039;1.7.0_79&#039;
Driver info: driver.version: RemoteWebDriver">
      <![CDATA[org.openqa.selenium.remote.UnreachableBrowserException: Error communicating with the remote browser. It may have died.
Build info: version: '2.47.1', revision: '411b314', time: '2015-07-30 02:56:46'
System info: host: 'ULTP-254', ip: '127.0.1.1', os.name: 'Linux', os.arch: 'amd64', os.version: '3.13.0-55-generic', java.version: '1.7.0_79'
Driver info: driver.version: RemoteWebDriver
	at org.openqa.selenium.remote.RemoteWebDriver.execute(RemoteWebDriver.java:589)
	at org.openqa.selenium.remote.RemoteWebDriver.get(RemoteWebDriver.java:306)
	at pkg.BaseClassOne.setup(BaseClassOne.java:21)
	at sun.reflect.NativeMethodAccessorImpl.invoke0(Native Method)
	at sun.reflect.NativeMethodAccessorImpl.invoke(NativeMethodAccessorImpl.java:57)
	at sun.reflect.DelegatingMethodAccessorImpl.invoke(DelegatingMethodAccessorImpl.java:43)
	at java.lang.reflect.Method.invoke(Method.java:606)
	at org.testng.internal.MethodInvocationHelper.invokeMethod(MethodInvocationHelper.java:84)
	at org.testng.internal.Invoker.invokeConfigurationMethod(Invoker.java:564)
	at org.testng.internal.Invoker.invokeConfigurations(Invoker.java:213)
	at org.testng.internal.Invoker.invokeConfigurations(Invoker.java:138)
	at org.testng.SuiteRunner.privateRun(SuiteRunner.java:277)
	at org.testng.SuiteRunner.run(SuiteRunner.java:240)
	at org.testng.SuiteRunnerWorker.runSuite(SuiteRunnerWorker.java:52)
	at org.testng.SuiteRunnerWorker.run(SuiteRunnerWorker.java:86)
	at org.testng.TestNG.runSuitesSequentially(TestNG.java:1224)
	at org.testng.TestNG.runSuitesLocally(TestNG.java:1149)
	at org.testng.TestNG.run(TestNG.java:1057)
	at org.testng.remote.RemoteTestNG.run(RemoteTestNG.java:111)
	at org.testng.remote.RemoteTestNG.initAndRun(RemoteTestNG.java:204)
	at org.testng.remote.RemoteTestNG.main(RemoteTestNG.java:175)
Caused by: org.apache.http.conn.HttpHostConnectException: Connect to 127.0.0.1:7055 [/127.0.0.1] failed: Connection refused
	at org.apache.http.impl.conn.DefaultHttpClientConnectionOperator.connect(DefaultHttpClientConnectionOperator.java:151)
	at org.apache.http.impl.conn.PoolingHttpClientConnectionManager.connect(PoolingHttpClientConnectionManager.java:353)
	at org.apache.http.impl.execchain.MainClientExec.establishRoute(MainClientExec.java:380)
	at org.apache.http.impl.execchain.MainClientExec.execute(MainClientExec.java:236)
	at org.apache.http.impl.execchain.ProtocolExec.execute(ProtocolExec.java:184)
	at org.apache.http.impl.execchain.RetryExec.execute(RetryExec.java:88)
	at org.apache.http.impl.execchain.RedirectExec.execute(RedirectExec.java:110)
	at org.apache.http.impl.client.InternalHttpClient.doExecute(InternalHttpClient.java:184)
	at org.apache.http.impl.client.CloseableHttpClient.execute(CloseableHttpClient.java:71)
	at org.apache.http.impl.client.CloseableHttpClient.execute(CloseableHttpClient.java:55)
	at org.openqa.selenium.remote.internal.ApacheHttpClient.fallBackExecute(ApacheHttpClient.java:161)
	at org.openqa.selenium.remote.internal.ApacheHttpClient.execute(ApacheHttpClient.java:89)
	at org.openqa.selenium.remote.HttpCommandExecutor.execute(HttpCommandExecutor.java:134)
	at org.openqa.selenium.firefox.internal.NewProfileExtensionConnection.execute(NewProfileExtensionConnection.java:170)
	at org.openqa.selenium.firefox.FirefoxDriver$LazyCommandExecutor.execute(FirefoxDriver.java:393)
	at org.openqa.selenium.remote.RemoteWebDriver.execute(RemoteWebDriver.java:568)
	... 20 more
Caused by: java.net.ConnectException: Connection refused
	at java.net.PlainSocketImpl.socketConnect(Native Method)
	at java.net.AbstractPlainSocketImpl.doConnect(AbstractPlainSocketImpl.java:339)
	at java.net.AbstractPlainSocketImpl.connectToAddress(AbstractPlainSocketImpl.java:200)
	at java.net.AbstractPlainSocketImpl.connect(AbstractPlainSocketImpl.java:182)
	at java.net.SocksSocketImpl.connect(SocksSocketImpl.java:392)
	at java.net.Socket.connect(Socket.java:579)
	at org.apache.http.conn.socket.PlainConnectionSocketFactory.connectSocket(PlainConnectionSocketFactory.java:74)
	at org.apache.http.impl.conn.DefaultHttpClientConnectionOperator.connect(DefaultHttpClientConnectionOperator.java:134)
	... 35 more
]]>
    </failure>
  </testcase> <!-- testmethodone -->
</testsuite> <!-- pkg.ClassOne -->
