<?xml version="1.0" encoding="UTF-8"?>
<!-- Generated by org.testng.reporters.JUnitReportReporter -->
<testsuite hostname="IDTP335" name="pkg.NewTest" tests="1" failures="0" timestamp="24 Aug 2015 11:50:06 GMT" time="0.004" errors="0">
  <testcase name="f" time="0.004" classname="pkg.NewTest"/>
</testsuite> <!-- pkg.NewTest -->
