<?xml version="1.0" encoding="UTF-8"?>
<!-- Generated by org.testng.reporters.JUnitReportReporter -->
<testsuite hostname="IDTP335" name="pkg.NewTest2" tests="1" failures="0" timestamp="26 Aug 2015 08:42:42 GMT" time="6.736" errors="0">
  <testcase name="Text" time="6.736" classname="pkg.NewTest2"/>
</testsuite> <!-- pkg.NewTest2 -->
