<?xml version="1.0" encoding="UTF-8"?>
<!-- Generated by org.testng.reporters.JUnitReportReporter -->
<testsuite hostname="IDTP335" name="pkg.sample_reg" tests="1" failures="0" timestamp="2 Sep 2015 07:33:00 GMT" time="15.667" errors="0">
  <testcase name="test" time="15.667" classname="pkg.sample_reg"/>
</testsuite> <!-- pkg.sample_reg -->
