<?xml version="1.0" encoding="UTF-8"?>
<!-- Generated by org.testng.reporters.JUnitReportReporter -->
<testsuite hostname="IDTP335" name="pkg.simpletestng" tests="2" failures="0" timestamp="31 Aug 2015 13:21:06 GMT" time="0.006" errors="0">
  <testcase name="test" time="0.001" classname="pkg.simpletestng"/>
  <testcase name="test" time="0.005" classname="pkg.simpletestng"/>
</testsuite> <!-- pkg.simpletestng -->
