<?xml version="1.0" encoding="UTF-8"?>
<!-- Generated by org.testng.reporters.JUnitReportReporter -->
<testsuite hostname="IDTP335" name="mypackage.Test_FileUpload" tests="1" failures="0" timestamp="3 Sep 2015 09:39:50 GMT" time="6.727" errors="0">
  <testcase name="testFileUpload" time="6.727" classname="mypackage.Test_FileUpload"/>
</testsuite> <!-- mypackage.Test_FileUpload -->
