<?xml version="1.0" encoding="UTF-8"?>
<!-- Generated by org.testng.reporters.JUnitReportReporter -->
<testsuite hostname="IDTP335" name="mypackage.Emp_test" tests="1" failures="0" timestamp="24 Aug 2015 13:03:36 GMT" time="0.010" errors="0">
  <testcase name="test_emp" time="0.010" classname="mypackage.Emp_test"/>
</testsuite> <!-- mypackage.Emp_test -->
